# JRE version: Java(TM) SE Runtime Environment (8.0_111-b14) (build 1.8.0_111-b14)
# Java VM: Java HotSpot(TM) 64-Bit Server VM (25.111-b14 mixed mode windows-amd64 compressed oops)
Heap:
 PSYoungGen      total 324608K, used 101281K [0x00000000eab00000, 0x0000000100000000, 0x0000000100000000)
  eden space 299520K, 33% used [0x00000000eab00000,0x00000000f0de8598,0x00000000fcf80000)
  from space 25088K, 0% used [0x00000000fe780000,0x00000000fe780000,0x0000000100000000)
  to   space 24576K, 0% used [0x00000000fcf80000,0x00000000fcf80000,0x00000000fe780000)
 ParOldGen       total 97280K, used 39004K [0x00000000c0000000, 0x00000000c5f00000, 0x00000000eab00000)
  object space 97280K, 40% used [0x00000000c0000000,0x00000000c2617180,0x00000000c5f00000)
 Metaspace       used 39525K, capacity 41184K, committed 41472K, reserved 1085440K
  class space    used 5490K, capacity 6045K, committed 6144K, reserved 1048576K
GC Heap History (10 events):
Event: 7.316 GC heap before
{Heap before GC invocations=7 (full 1):
 PSYoungGen      total 138240K, used 138240K [0x00000000eab00000, 0x00000000fb580000, 0x0000000100000000)
  eden space 133120K, 100% used [0x00000000eab00000,0x00000000f2d00000,0x00000000f2d00000)
  from space 5120K, 100% used [0x00000000f2d00000,0x00000000f3200000,0x00000000f3200000)
  to   space 16384K, 0% used [0x00000000fa580000,0x00000000fa580000,0x00000000fb580000)
 ParOldGen       total 59904K, used 20663K [0x00000000c0000000, 0x00000000c3a80000, 0x00000000eab00000)
  object space 59904K, 34% used [0x00000000c0000000,0x00000000c142df48,0x00000000c3a80000)
 Metaspace       used 32202K, capacity 33162K, committed 33408K, reserved 1077248K
  class space    used 4531K, capacity 4919K, committed 4992K, reserved 1048576K
Event: 7.364 GC heap after
Heap after GC invocations=7 (full 1):
 PSYoungGen      total 251392K, used 16384K [0x00000000eab00000, 0x00000000fb980000, 0x0000000100000000)
  eden space 235008K, 0% used [0x00000000eab00000,0x00000000eab00000,0x00000000f9080000)
  from space 16384K, 100% used [0x00000000fa580000,0x00000000fb580000,0x00000000fb580000)
  to   space 20992K, 0% used [0x00000000f9080000,0x00000000f9080000,0x00000000fa500000)
 ParOldGen       total 59904K, used 22868K [0x00000000c0000000, 0x00000000c3a80000, 0x00000000eab00000)
  object space 59904K, 38% used [0x00000000c0000000,0x00000000c1655238,0x00000000c3a80000)
 Metaspace       used 32202K, capacity 33162K, committed 33408K, reserved 1077248K
  class space    used 4531K, capacity 4919K, committed 4992K, reserved 1048576K
}
Event: 8.112 GC heap before
{Heap before GC invocations=8 (full 1):
 PSYoungGen      total 251392K, used 61776K [0x00000000eab00000, 0x00000000fb980000, 0x0000000100000000)
  eden space 235008K, 19% used [0x00000000eab00000,0x00000000ed754060,0x00000000f9080000)
  from space 16384K, 100% used [0x00000000fa580000,0x00000000fb580000,0x00000000fb580000)
  to   space 20992K, 0% used [0x00000000f9080000,0x00000000f9080000,0x00000000fa500000)
 ParOldGen       total 59904K, used 22868K [0x00000000c0000000, 0x00000000c3a80000, 0x00000000eab00000)
  object space 59904K, 38% used [0x00000000c0000000,0x00000000c1655238,0x00000000c3a80000)
 Metaspace       used 34144K, capacity 35258K, committed 35416K, reserved 1079296K
  class space    used 4823K, capacity 5273K, committed 5376K, reserved 1048576K
Event: 8.156 GC heap after
Heap after GC invocations=8 (full 1):
 PSYoungGen      total 256000K, used 20976K [0x00000000eab00000, 0x0000000100000000, 0x0000000100000000)
  eden space 235008K, 0% used [0x00000000eab00000,0x00000000eab00000,0x00000000f9080000)
  from space 20992K, 99% used [0x00000000f9080000,0x00000000fa4fc010,0x00000000fa500000)
  to   space 25088K, 0% used [0x00000000fe780000,0x00000000fe780000,0x0000000100000000)
 ParOldGen       total 59904K, used 23688K [0x00000000c0000000, 0x00000000c3a80000, 0x00000000eab00000)
  object space 59904K, 39% used [0x00000000c0000000,0x00000000c17222b0,0x00000000c3a80000)
 Metaspace       used 34144K, capacity 35258K, committed 35416K, reserved 1079296K
  class space    used 4823K, capacity 5273K, committed 5376K, reserved 1048576K
}
Event: 8.156 GC heap before
{Heap before GC invocations=9 (full 2):
 PSYoungGen      total 256000K, used 20976K [0x00000000eab00000, 0x0000000100000000, 0x0000000100000000)
  eden space 235008K, 0% used [0x00000000eab00000,0x00000000eab00000,0x00000000f9080000)
  from space 20992K, 99% used [0x00000000f9080000,0x00000000fa4fc010,0x00000000fa500000)
  to   space 25088K, 0% used [0x00000000fe780000,0x00000000fe780000,0x0000000100000000)
 ParOldGen       total 59904K, used 23688K [0x00000000c0000000, 0x00000000c3a80000, 0x00000000eab00000)
  object space 59904K, 39% used [0x00000000c0000000,0x00000000c17222b0,0x00000000c3a80000)
 Metaspace       used 34144K, capacity 35258K, committed 35416K, reserved 1079296K
  class space    used 4823K, capacity 5273K, committed 5376K, reserved 1048576K
Event: 8.355 GC heap after
Heap after GC invocations=9 (full 2):
 PSYoungGen      total 256000K, used 0K [0x00000000eab00000, 0x0000000100000000, 0x0000000100000000)
  eden space 235008K, 0% used [0x00000000eab00000,0x00000000eab00000,0x00000000f9080000)
  from space 20992K, 0% used [0x00000000f9080000,0x00000000f9080000,0x00000000fa500000)
  to   space 25088K, 0% used [0x00000000fe780000,0x00000000fe780000,0x0000000100000000)
 ParOldGen       total 97280K, used 37321K [0x00000000c0000000, 0x00000000c5f00000, 0x00000000eab00000)
  object space 97280K, 38% used [0x00000000c0000000,0x00000000c2472688,0x00000000c5f00000)
 Metaspace       used 34144K, capacity 35258K, committed 35416K, reserved 1079296K
  class space    used 4823K, capacity 5273K, committed 5376K, reserved 1048576K
}
Event: 11.146 GC heap before
{Heap before GC invocations=10 (full 2):
 PSYoungGen      total 256000K, used 159708K [0x00000000eab00000, 0x0000000100000000, 0x0000000100000000)
  eden space 235008K, 67% used [0x00000000eab00000,0x00000000f46f7130,0x00000000f9080000)
  from space 20992K, 0% used [0x00000000f9080000,0x00000000f9080000,0x00000000fa500000)
  to   space 25088K, 0% used [0x00000000fe780000,0x00000000fe780000,0x0000000100000000)
 ParOldGen       total 97280K, used 37321K [0x00000000c0000000, 0x00000000c5f00000, 0x00000000eab00000)
  object space 97280K, 38% used [0x00000000c0000000,0x00000000c2472688,0x00000000c5f00000)
 Metaspace       used 37462K, capacity 38794K, committed 39040K, reserved 1083392K
  class space    used 5222K, capacity 5684K, committed 5760K, reserved 1048576K
Event: 11.156 GC heap after
Heap after GC invocations=10 (full 2):
 PSYoungGen      total 324608K, used 7951K [0x00000000eab00000, 0x0000000100000000, 0x0000000100000000)
  eden space 299520K, 0% used [0x00000000eab00000,0x00000000eab00000,0x00000000fcf80000)
  from space 25088K, 31% used [0x00000000fe780000,0x00000000fef43d58,0x0000000100000000)
  to   space 24576K, 0% used [0x00000000fcf80000,0x00000000fcf80000,0x00000000fe780000)
 ParOldGen       total 97280K, used 37329K [0x00000000c0000000, 0x00000000c5f00000, 0x00000000eab00000)
  object space 97280K, 38% used [0x00000000c0000000,0x00000000c2474688,0x00000000c5f00000)
 Metaspace       used 37462K, capacity 38794K, committed 39040K, reserved 1083392K
  class space    used 5222K, capacity 5684K, committed 5760K, reserved 1048576K
}
Event: 11.156 GC heap before
{Heap before GC invocations=11 (full 3):
 PSYoungGen      total 324608K, used 7951K [0x00000000eab00000, 0x0000000100000000, 0x0000000100000000)
  eden space 299520K, 0% used [0x00000000eab00000,0x00000000eab00000,0x00000000fcf80000)
  from space 25088K, 31% used [0x00000000fe780000,0x00000000fef43d58,0x0000000100000000)
  to   space 24576K, 0% used [0x00000000fcf80000,0x00000000fcf80000,0x00000000fe780000)
 ParOldGen       total 97280K, used 37329K [0x00000000c0000000, 0x00000000c5f00000, 0x00000000eab00000)
  object space 97280K, 38% used [0x00000000c0000000,0x00000000c2474688,0x00000000c5f00000)
 Metaspace       used 37462K, capacity 38794K, committed 39040K, reserved 1083392K
  class space    used 5222K, capacity 5684K, committed 5760K, reserved 1048576K
Event: 11.421 GC heap after
Heap after GC invocations=11 (full 3):
 PSYoungGen      total 324608K, used 0K [0x00000000eab00000, 0x0000000100000000, 0x0000000100000000)
  eden space 299520K, 0% used [0x00000000eab00000,0x00000000eab00000,0x00000000fcf80000)
  from space 25088K, 0% used [0x00000000fe780000,0x00000000fe780000,0x0000000100000000)
  to   space 24576K, 0% used [0x00000000fcf80000,0x00000000fcf80000,0x00000000fe780000)
 ParOldGen       total 97280K, used 39004K [0x00000000c0000000, 0x00000000c5f00000, 0x00000000eab00000)
  object space 97280K, 40% used [0x00000000c0000000,0x00000000c2617180,0x00000000c5f00000)
 Metaspace       used 37462K, capacity 38794K, committed 39040K, reserved 1083392K
  class space    used 5222K, capacity 5684K, committed 5760K, reserved 1048576K
}

