# JRE version: Java(TM) SE Runtime Environment (8.0_111-b14) (build 1.8.0_111-b14)
# Java VM: Java HotSpot(TM) 64-Bit Server VM (25.111-b14 mixed mode windows-amd64 compressed oops)
Heap:
 PSYoungGen      total 320000K, used 199271K [0x00000000eab00000, 0x0000000100000000, 0x0000000100000000)
  eden space 290816K, 68% used [0x00000000eab00000,0x00000000f6d99d68,0x00000000fc700000)
  from space 29184K, 0% used [0x00000000fc700000,0x00000000fc700000,0x00000000fe380000)
  to   space 28672K, 0% used [0x00000000fe400000,0x00000000fe400000,0x0000000100000000)
 ParOldGen       total 101376K, used 64849K [0x00000000c0000000, 0x00000000c6300000, 0x00000000eab00000)
  object space 101376K, 63% used [0x00000000c0000000,0x00000000c3f544f0,0x00000000c6300000)
 Metaspace       used 50379K, capacity 53830K, committed 53888K, reserved 1095680K
  class space    used 6810K, capacity 7802K, committed 7808K, reserved 1048576K
GC Heap History (10 events):
Event: 195.674 GC heap before
{Heap before GC invocations=14 (full 3):
 PSYoungGen      total 317952K, used 62287K [0x00000000eab00000, 0x0000000100000000, 0x0000000100000000)
  eden space 292864K, 13% used [0x00000000eab00000,0x00000000ed0c9a20,0x00000000fc900000)
  from space 25088K, 94% used [0x00000000fe780000,0x00000000ffe8a1f8,0x0000000100000000)
  to   space 28160K, 0% used [0x00000000fc900000,0x00000000fc900000,0x00000000fe480000)
 ParOldGen       total 101376K, used 38984K [0x00000000c0000000, 0x00000000c6300000, 0x00000000eab00000)
  object space 101376K, 38% used [0x00000000c0000000,0x00000000c26122f0,0x00000000c6300000)
 Metaspace       used 44335K, capacity 46746K, committed 46976K, reserved 1089536K
  class space    used 6041K, capacity 6778K, committed 6784K, reserved 1048576K
Event: 195.715 GC heap after
Heap after GC invocations=14 (full 3):
 PSYoungGen      total 293376K, used 288K [0x00000000eab00000, 0x0000000100000000, 0x0000000100000000)
  eden space 292864K, 0% used [0x00000000eab00000,0x00000000eab00000,0x00000000fc900000)
  from space 512K, 56% used [0x00000000fc900000,0x00000000fc948000,0x00000000fc980000)
  to   space 28672K, 0% used [0x00000000fe400000,0x00000000fe400000,0x0000000100000000)
 ParOldGen       total 101376K, used 59976K [0x00000000c0000000, 0x00000000c6300000, 0x00000000eab00000)
  object space 101376K, 59% used [0x00000000c0000000,0x00000000c3a92150,0x00000000c6300000)
 Metaspace       used 44335K, capacity 46746K, committed 46976K, reserved 1089536K
  class space    used 6041K, capacity 6778K, committed 6784K, reserved 1048576K
}
Event: 195.715 GC heap before
{Heap before GC invocations=15 (full 4):
 PSYoungGen      total 293376K, used 288K [0x00000000eab00000, 0x0000000100000000, 0x0000000100000000)
  eden space 292864K, 0% used [0x00000000eab00000,0x00000000eab00000,0x00000000fc900000)
  from space 512K, 56% used [0x00000000fc900000,0x00000000fc948000,0x00000000fc980000)
  to   space 28672K, 0% used [0x00000000fe400000,0x00000000fe400000,0x0000000100000000)
 ParOldGen       total 101376K, used 59976K [0x00000000c0000000, 0x00000000c6300000, 0x00000000eab00000)
  object space 101376K, 59% used [0x00000000c0000000,0x00000000c3a92150,0x00000000c6300000)
 Metaspace       used 44335K, capacity 46746K, committed 46976K, reserved 1089536K
  class space    used 6041K, capacity 6778K, committed 6784K, reserved 1048576K
Event: 196.216 GC heap after
Heap after GC invocations=15 (full 4):
 PSYoungGen      total 293376K, used 0K [0x00000000eab00000, 0x0000000100000000, 0x0000000100000000)
  eden space 292864K, 0% used [0x00000000eab00000,0x00000000eab00000,0x00000000fc900000)
  from space 512K, 0% used [0x00000000fc900000,0x00000000fc900000,0x00000000fc980000)
  to   space 28672K, 0% used [0x00000000fe400000,0x00000000fe400000,0x0000000100000000)
 ParOldGen       total 101376K, used 53810K [0x00000000c0000000, 0x00000000c6300000, 0x00000000eab00000)
  object space 101376K, 53% used [0x00000000c0000000,0x00000000c348c9d8,0x00000000c6300000)
 Metaspace       used 44335K, capacity 46746K, committed 46976K, reserved 1089536K
  class space    used 6041K, capacity 6778K, committed 6784K, reserved 1048576K
}
Event: 304.079 GC heap before
{Heap before GC invocations=16 (full 4):
 PSYoungGen      total 293376K, used 292864K [0x00000000eab00000, 0x0000000100000000, 0x0000000100000000)
  eden space 292864K, 100% used [0x00000000eab00000,0x00000000fc900000,0x00000000fc900000)
  from space 512K, 0% used [0x00000000fc900000,0x00000000fc900000,0x00000000fc980000)
  to   space 28672K, 0% used [0x00000000fe400000,0x00000000fe400000,0x0000000100000000)
 ParOldGen       total 101376K, used 53810K [0x00000000c0000000, 0x00000000c6300000, 0x00000000eab00000)
  object space 101376K, 53% used [0x00000000c0000000,0x00000000c348c9d8,0x00000000c6300000)
 Metaspace       used 48366K, capacity 51456K, committed 51584K, reserved 1093632K
  class space    used 6561K, capacity 7477K, committed 7552K, reserved 1048576K
Event: 304.107 GC heap after
Heap after GC invocations=16 (full 4):
 PSYoungGen      total 319488K, used 17544K [0x00000000eab00000, 0x0000000100000000, 0x0000000100000000)
  eden space 290816K, 0% used [0x00000000eab00000,0x00000000eab00000,0x00000000fc700000)
  from space 28672K, 61% used [0x00000000fe400000,0x00000000ff522108,0x0000000100000000)
  to   space 29184K, 0% used [0x00000000fc700000,0x00000000fc700000,0x00000000fe380000)
 ParOldGen       total 101376K, used 53818K [0x00000000c0000000, 0x00000000c6300000, 0x00000000eab00000)
  object space 101376K, 53% used [0x00000000c0000000,0x00000000c348e9d8,0x00000000c6300000)
 Metaspace       used 48366K, capacity 51456K, committed 51584K, reserved 1093632K
  class space    used 6561K, capacity 7477K, committed 7552K, reserved 1048576K
}
Event: 349.773 GC heap before
{Heap before GC invocations=17 (full 4):
 PSYoungGen      total 319488K, used 126284K [0x00000000eab00000, 0x0000000100000000, 0x0000000100000000)
  eden space 290816K, 37% used [0x00000000eab00000,0x00000000f1531230,0x00000000fc700000)
  from space 28672K, 61% used [0x00000000fe400000,0x00000000ff522108,0x0000000100000000)
  to   space 29184K, 0% used [0x00000000fc700000,0x00000000fc700000,0x00000000fe380000)
 ParOldGen       total 101376K, used 53818K [0x00000000c0000000, 0x00000000c6300000, 0x00000000eab00000)
  object space 101376K, 53% used [0x00000000c0000000,0x00000000c348e9d8,0x00000000c6300000)
 Metaspace       used 48443K, capacity 51594K, committed 51840K, reserved 1093632K
  class space    used 6563K, capacity 7478K, committed 7552K, reserved 1048576K
Event: 349.790 GC heap after
Heap after GC invocations=17 (full 4):
 PSYoungGen      total 320000K, used 15600K [0x00000000eab00000, 0x0000000100000000, 0x0000000100000000)
  eden space 290816K, 0% used [0x00000000eab00000,0x00000000eab00000,0x00000000fc700000)
  from space 29184K, 53% used [0x00000000fc700000,0x00000000fd63c010,0x00000000fe380000)
  to   space 28672K, 0% used [0x00000000fe400000,0x00000000fe400000,0x0000000100000000)
 ParOldGen       total 101376K, used 53826K [0x00000000c0000000, 0x00000000c6300000, 0x00000000eab00000)
  object space 101376K, 53% used [0x00000000c0000000,0x00000000c34909d8,0x00000000c6300000)
 Metaspace       used 48443K, capacity 51594K, committed 51840K, reserved 1093632K
  class space    used 6563K, capacity 7478K, committed 7552K, reserved 1048576K
}
Event: 349.790 GC heap before
{Heap before GC invocations=18 (full 5):
 PSYoungGen      total 320000K, used 15600K [0x00000000eab00000, 0x0000000100000000, 0x0000000100000000)
  eden space 290816K, 0% used [0x00000000eab00000,0x00000000eab00000,0x00000000fc700000)
  from space 29184K, 53% used [0x00000000fc700000,0x00000000fd63c010,0x00000000fe380000)
  to   space 28672K, 0% used [0x00000000fe400000,0x00000000fe400000,0x0000000100000000)
 ParOldGen       total 101376K, used 53826K [0x00000000c0000000, 0x00000000c6300000, 0x00000000eab00000)
  object space 101376K, 53% used [0x00000000c0000000,0x00000000c34909d8,0x00000000c6300000)
 Metaspace       used 48443K, capacity 51594K, committed 51840K, reserved 1093632K
  class space    used 6563K, capacity 7478K, committed 7552K, reserved 1048576K
Event: 350.263 GC heap after
Heap after GC invocations=18 (full 5):
 PSYoungGen      total 320000K, used 0K [0x00000000eab00000, 0x0000000100000000, 0x0000000100000000)
  eden space 290816K, 0% used [0x00000000eab00000,0x00000000eab00000,0x00000000fc700000)
  from space 29184K, 0% used [0x00000000fc700000,0x00000000fc700000,0x00000000fe380000)
  to   space 28672K, 0% used [0x00000000fe400000,0x00000000fe400000,0x0000000100000000)
 ParOldGen       total 101376K, used 64849K [0x00000000c0000000, 0x00000000c6300000, 0x00000000eab00000)
  object space 101376K, 63% used [0x00000000c0000000,0x00000000c3f544f0,0x00000000c6300000)
 Metaspace       used 48443K, capacity 51594K, committed 51840K, reserved 1093632K
  class space    used 6563K, capacity 7478K, committed 7552K, reserved 1048576K
}

