# JRE version: Java(TM) SE Runtime Environment (8.0_111-b14) (build 1.8.0_111-b14)
# Java VM: Java HotSpot(TM) 64-Bit Server VM (25.111-b14 mixed mode windows-amd64 compressed oops)
Heap:
 PSYoungGen      total 240128K, used 56025K [0x00000000f0000000, 0x0000000100000000, 0x0000000100000000)
  eden space 218112K, 25% used [0x00000000f0000000,0x00000000f36b66f0,0x00000000fd500000)
  from space 22016K, 0% used [0x00000000fd500000,0x00000000fd500000,0x00000000fea80000)
  to   space 22016K, 0% used [0x00000000fea80000,0x00000000fea80000,0x0000000100000000)
 ParOldGen       total 524288K, used 40065K [0x00000000d0000000, 0x00000000f0000000, 0x00000000f0000000)
  object space 524288K, 7% used [0x00000000d0000000,0x00000000d27205e8,0x00000000f0000000)
 Metaspace       used 36745K, capacity 37536K, committed 37760K, reserved 1081344K
  class space    used 4673K, capacity 4924K, committed 4992K, reserved 1048576K
GC Heap History (10 events):
Event: 3.890 GC heap before
{Heap before GC invocations=5 (full 1):
 PSYoungGen      total 229376K, used 15400K [0x00000000f0000000, 0x0000000100000000, 0x0000000100000000)
  eden space 196608K, 0% used [0x00000000f0000000,0x00000000f0000000,0x00000000fc000000)
  from space 32768K, 46% used [0x00000000fe000000,0x00000000fef0a368,0x0000000100000000)
  to   space 32768K, 0% used [0x00000000fc000000,0x00000000fc000000,0x00000000fe000000)
 ParOldGen       total 524288K, used 48K [0x00000000d0000000, 0x00000000f0000000, 0x00000000f0000000)
  object space 524288K, 0% used [0x00000000d0000000,0x00000000d000c000,0x00000000f0000000)
 Metaspace       used 20689K, capacity 21136K, committed 21296K, reserved 1069056K
  class space    used 2500K, capacity 2607K, committed 2688K, reserved 1048576K
Event: 3.986 GC heap after
Heap after GC invocations=5 (full 1):
 PSYoungGen      total 229376K, used 0K [0x00000000f0000000, 0x0000000100000000, 0x0000000100000000)
  eden space 196608K, 0% used [0x00000000f0000000,0x00000000f0000000,0x00000000fc000000)
  from space 32768K, 0% used [0x00000000fe000000,0x00000000fe000000,0x0000000100000000)
  to   space 32768K, 0% used [0x00000000fc000000,0x00000000fc000000,0x00000000fe000000)
 ParOldGen       total 524288K, used 15258K [0x00000000d0000000, 0x00000000f0000000, 0x00000000f0000000)
  object space 524288K, 2% used [0x00000000d0000000,0x00000000d0ee6980,0x00000000f0000000)
 Metaspace       used 20689K, capacity 21136K, committed 21296K, reserved 1069056K
  class space    used 2500K, capacity 2607K, committed 2688K, reserved 1048576K
}
Event: 4.893 GC heap before
{Heap before GC invocations=6 (full 1):
 PSYoungGen      total 229376K, used 196608K [0x00000000f0000000, 0x0000000100000000, 0x0000000100000000)
  eden space 196608K, 100% used [0x00000000f0000000,0x00000000fc000000,0x00000000fc000000)
  from space 32768K, 0% used [0x00000000fe000000,0x00000000fe000000,0x0000000100000000)
  to   space 32768K, 0% used [0x00000000fc000000,0x00000000fc000000,0x00000000fe000000)
 ParOldGen       total 524288K, used 15258K [0x00000000d0000000, 0x00000000f0000000, 0x00000000f0000000)
  object space 524288K, 2% used [0x00000000d0000000,0x00000000d0ee6980,0x00000000f0000000)
 Metaspace       used 23828K, capacity 24438K, committed 24576K, reserved 1071104K
  class space    used 2897K, capacity 3019K, committed 3072K, reserved 1048576K
Event: 4.909 GC heap after
Heap after GC invocations=6 (full 1):
 PSYoungGen      total 229376K, used 14757K [0x00000000f0000000, 0x0000000100000000, 0x0000000100000000)
  eden space 196608K, 0% used [0x00000000f0000000,0x00000000f0000000,0x00000000fc000000)
  from space 32768K, 45% used [0x00000000fc000000,0x00000000fce69688,0x00000000fe000000)
  to   space 17920K, 0% used [0x00000000fee80000,0x00000000fee80000,0x0000000100000000)
 ParOldGen       total 524288K, used 15266K [0x00000000d0000000, 0x00000000f0000000, 0x00000000f0000000)
  object space 524288K, 2% used [0x00000000d0000000,0x00000000d0ee8980,0x00000000f0000000)
 Metaspace       used 23828K, capacity 24438K, committed 24576K, reserved 1071104K
  class space    used 2897K, capacity 3019K, committed 3072K, reserved 1048576K
}
Event: 5.911 GC heap before
{Heap before GC invocations=7 (full 1):
 PSYoungGen      total 229376K, used 211365K [0x00000000f0000000, 0x0000000100000000, 0x0000000100000000)
  eden space 196608K, 100% used [0x00000000f0000000,0x00000000fc000000,0x00000000fc000000)
  from space 32768K, 45% used [0x00000000fc000000,0x00000000fce69688,0x00000000fe000000)
  to   space 17920K, 0% used [0x00000000fee80000,0x00000000fee80000,0x0000000100000000)
 ParOldGen       total 524288K, used 15266K [0x00000000d0000000, 0x00000000f0000000, 0x00000000f0000000)
  object space 524288K, 2% used [0x00000000d0000000,0x00000000d0ee8980,0x00000000f0000000)
 Metaspace       used 29745K, capacity 30524K, committed 30720K, reserved 1075200K
  class space    used 3768K, capacity 4022K, committed 4096K, reserved 1048576K
Event: 5.941 GC heap after
Heap after GC invocations=7 (full 1):
 PSYoungGen      total 236032K, used 17910K [0x00000000f0000000, 0x0000000100000000, 0x0000000100000000)
  eden space 218112K, 0% used [0x00000000f0000000,0x00000000f0000000,0x00000000fd500000)
  from space 17920K, 99% used [0x00000000fee80000,0x00000000ffffdaf0,0x0000000100000000)
  to   space 22016K, 0% used [0x00000000fd500000,0x00000000fd500000,0x00000000fea80000)
 ParOldGen       total 524288K, used 20248K [0x00000000d0000000, 0x00000000f0000000, 0x00000000f0000000)
  object space 524288K, 3% used [0x00000000d0000000,0x00000000d13c6108,0x00000000f0000000)
 Metaspace       used 29745K, capacity 30524K, committed 30720K, reserved 1075200K
  class space    used 3768K, capacity 4022K, committed 4096K, reserved 1048576K
}
Event: 6.574 GC heap before
{Heap before GC invocations=8 (full 1):
 PSYoungGen      total 236032K, used 160369K [0x00000000f0000000, 0x0000000100000000, 0x0000000100000000)
  eden space 218112K, 65% used [0x00000000f0000000,0x00000000f8b1eb48,0x00000000fd500000)
  from space 17920K, 99% used [0x00000000fee80000,0x00000000ffffdaf0,0x0000000100000000)
  to   space 22016K, 0% used [0x00000000fd500000,0x00000000fd500000,0x00000000fea80000)
 ParOldGen       total 524288K, used 20248K [0x00000000d0000000, 0x00000000f0000000, 0x00000000f0000000)
  object space 524288K, 3% used [0x00000000d0000000,0x00000000d13c6108,0x00000000f0000000)
 Metaspace       used 34526K, capacity 35284K, committed 35496K, reserved 1081344K
  class space    used 4284K, capacity 4538K, committed 4608K, reserved 1048576K
Event: 6.599 GC heap after
Heap after GC invocations=8 (full 1):
 PSYoungGen      total 240128K, used 22002K [0x00000000f0000000, 0x0000000100000000, 0x0000000100000000)
  eden space 218112K, 0% used [0x00000000f0000000,0x00000000f0000000,0x00000000fd500000)
  from space 22016K, 99% used [0x00000000fd500000,0x00000000fea7c968,0x00000000fea80000)
  to   space 22016K, 0% used [0x00000000fea80000,0x00000000fea80000,0x0000000100000000)
 ParOldGen       total 524288K, used 22178K [0x00000000d0000000, 0x00000000f0000000, 0x00000000f0000000)
  object space 524288K, 4% used [0x00000000d0000000,0x00000000d15a8b68,0x00000000f0000000)
 Metaspace       used 34526K, capacity 35284K, committed 35496K, reserved 1081344K
  class space    used 4284K, capacity 4538K, committed 4608K, reserved 1048576K
}
Event: 6.599 GC heap before
{Heap before GC invocations=9 (full 2):
 PSYoungGen      total 240128K, used 22002K [0x00000000f0000000, 0x0000000100000000, 0x0000000100000000)
  eden space 218112K, 0% used [0x00000000f0000000,0x00000000f0000000,0x00000000fd500000)
  from space 22016K, 99% used [0x00000000fd500000,0x00000000fea7c968,0x00000000fea80000)
  to   space 22016K, 0% used [0x00000000fea80000,0x00000000fea80000,0x0000000100000000)
 ParOldGen       total 524288K, used 22178K [0x00000000d0000000, 0x00000000f0000000, 0x00000000f0000000)
  object space 524288K, 4% used [0x00000000d0000000,0x00000000d15a8b68,0x00000000f0000000)
 Metaspace       used 34526K, capacity 35284K, committed 35496K, reserved 1081344K
  class space    used 4284K, capacity 4538K, committed 4608K, reserved 1048576K
Event: 6.752 GC heap after
Heap after GC invocations=9 (full 2):
 PSYoungGen      total 240128K, used 0K [0x00000000f0000000, 0x0000000100000000, 0x0000000100000000)
  eden space 218112K, 0% used [0x00000000f0000000,0x00000000f0000000,0x00000000fd500000)
  from space 22016K, 0% used [0x00000000fd500000,0x00000000fd500000,0x00000000fea80000)
  to   space 22016K, 0% used [0x00000000fea80000,0x00000000fea80000,0x0000000100000000)
 ParOldGen       total 524288K, used 40065K [0x00000000d0000000, 0x00000000f0000000, 0x00000000f0000000)
  object space 524288K, 7% used [0x00000000d0000000,0x00000000d27205e8,0x00000000f0000000)
 Metaspace       used 34526K, capacity 35284K, committed 35496K, reserved 1081344K
  class space    used 4284K, capacity 4538K, committed 4608K, reserved 1048576K
}

